Using pre-set license
Built from '2020.3/staging' branch; Version is '2020.3.3f1 (76626098c1c4) revision 7758432'; Using compiler version '192528614'; Build Type 'Release'
OS: 'Windows 7  (6.1.0) 64bit' Language: 'pt' Physical Memory: 8139 MB
BatchMode: 1, IsHumanControllingUs: 0, StartBugReporterOnCrash: 0, Is64bit: 1, IsPro: 0

 COMMAND LINE ARGUMENTS:
D:\Unity\Hub\Editor\2020.3.3f1\Editor\Unity.exe
-adb2
-batchMode
-noUpm
-name
AssetImportWorker0
-projectPath
D:/Matheus/Documents/GitHub/PBCJ_2021.3/Lab 05_09 - RPG/RPG
-logFile
Logs/AssetImportWorker0.log
-srvPort
52228
Successfully changed project path to: D:/Matheus/Documents/GitHub/PBCJ_2021.3/Lab 05_09 - RPG/RPG
D:/Matheus/Documents/GitHub/PBCJ_2021.3/Lab 05_09 - RPG/RPG
Using Asset Import Pipeline V2.
Refreshing native plugins compatible for Editor in 119.86 ms, found 1 plugins.
Preloading 0 native plugins for Editor in 0.00 ms.
Initialize engine version: 2020.3.3f1 (76626098c1c4)
[Subsystems] Discovering subsystems at path D:/Unity/Hub/Editor/2020.3.3f1/Editor/Data/Resources/UnitySubsystems
[Subsystems] Discovering subsystems at path D:/Matheus/Documents/GitHub/PBCJ_2021.3/Lab 05_09 - RPG/RPG/Assets
GfxDevice: creating device client; threaded=0
d3d11: CreateDXGIFactory2(...) not found, fallbacking to CreateDXGIFactory1(...).
d3d11: QueryInterface(IDXGIFactory5) failed (80004002).
Direct3D:
    Version:  Direct3D 11.0 [level 10.1]
    Renderer: Intel(R) HD Graphics Family (ID=0x116)
    Vendor:   
    VRAM:     1632 MB
    Driver:   8.830.6.3000
Initialize mono
Mono path[0] = 'D:/Unity/Hub/Editor/2020.3.3f1/Editor/Data/Managed'
Mono path[1] = 'D:/Unity/Hub/Editor/2020.3.3f1/Editor/Data/MonoBleedingEdge/lib/mono/unityjit'
Mono config path = 'D:/Unity/Hub/Editor/2020.3.3f1/Editor/Data/MonoBleedingEdge/etc'
Using monoOptions --debugger-agent=transport=dt_socket,embedding=1,server=y,suspend=n,address=127.0.0.1:56020
Begin MonoManager ReloadAssembly
Registering precompiled unity dll's ...
Register platform support module: D:/Unity/Hub/Editor/2020.3.3f1/Editor/Data/PlaybackEngines/WindowsStandaloneSupport/UnityEditor.WindowsStandalone.Extensions.dll
Registered in 0.001842 seconds.
Native extension for WindowsStandalone target not found
Refreshing native plugins compatible for Editor in 107.07 ms, found 1 plugins.
Preloading 0 native plugins for Editor in 0.00 ms.
Invoked RoslynAnalysisRunner static constructor.
RoslynAnalysisRunner will not be running.
RoslynAnalysisRunner has terminated.
Mono: successfully reloaded assembly
- Completed reload, in  2.495 seconds
Platform modules already initialized, skipping
Registering precompiled user dll's ...
Registered in 0.001627 seconds.
Begin MonoManager ReloadAssembly
Native extension for WindowsStandalone target not found
Refreshing native plugins compatible for Editor in 107.34 ms, found 1 plugins.
Preloading 0 native plugins for Editor in 0.00 ms.
Invoked RoslynAnalysisRunner static constructor.
RoslynAnalysisRunner will not be running.
RoslynAnalysisRunner has terminated.
Mono: successfully reloaded assembly
- Completed reload, in  2.465 seconds
Platform modules already initialized, skipping
========================================================================
Worker process is ready to serve import requests
Launched and connected shader compiler UnityShaderCompiler.exe after 0.10 seconds
Refreshing native plugins compatible for Editor in 0.75 ms, found 1 plugins.
Preloading 0 native plugins for Editor in 0.00 ms.
Unloading 1958 Unused Serialized files (Serialized files now loaded: 0)
System memory in use before: 90.1 MB.
System memory in use after: 90.1 MB.

Unloading 25 unused Assets to reduce memory usage. Loaded Objects now: 2402.
Total: 4.054752 ms (FindLiveObjects: 0.308781 ms CreateObjectMapping: 0.135203 ms MarkObjects: 3.379630 ms  DeleteObjects: 0.228462 ms)

========================================================================
Received Import Request.
  path: Assets/Scripts/Monobehaviours
  artifactKey: Guid(fcf54879b0b363c4c9aa00746f9dc321) Importer(815301076,1909f56bfc062723c751e8b465ee728b)
Start importing Assets/Scripts/Monobehaviours using Guid(fcf54879b0b363c4c9aa00746f9dc321) Importer(815301076,1909f56bfc062723c751e8b465ee728b)  -> (artifact id: '2135f91c35fc6af278637c720ebff014') in 0.008143 seconds
  Import took 0.014896 seconds .

========================================================================
Received Import Request.
  Time since last request: 567.658657 seconds.
  path: Assets/Scripts/Scriptable Objects
  artifactKey: Guid(2e7954335dff8654686401051264bed2) Importer(815301076,1909f56bfc062723c751e8b465ee728b)
Start importing Assets/Scripts/Scriptable Objects using Guid(2e7954335dff8654686401051264bed2) Importer(815301076,1909f56bfc062723c751e8b465ee728b)  -> (artifact id: '535ef20e098b68caff8a647bb45aee19') in 0.008511 seconds
  Import took 0.019032 seconds .

========================================================================
Received Import Request.
  Time since last request: 59.430235 seconds.
  path: Assets/Scripts/Monobehaviours/Caractere.cs
  artifactKey: Guid(f0ef1ce96e385094992e50109582df52) Importer(815301076,1909f56bfc062723c751e8b465ee728b)
Start importing Assets/Scripts/Monobehaviours/Caractere.cs using Guid(f0ef1ce96e385094992e50109582df52) Importer(815301076,1909f56bfc062723c751e8b465ee728b)  -> (artifact id: '4a774b25a513fc9a079477e995d2e11c') in 16.068680 seconds
  Import took 16.076610 seconds .

========================================================================
Received Prepare
Registering precompiled user dll's ...
Registered in 0.002363 seconds.
Begin MonoManager ReloadAssembly
Native extension for WindowsStandalone target not found
Refreshing native plugins compatible for Editor in 0.78 ms, found 1 plugins.
Preloading 0 native plugins for Editor in 0.00 ms.
Invoked RoslynAnalysisRunner static constructor.
RoslynAnalysisRunner will not be running.
RoslynAnalysisRunner has terminated.
Mono: successfully reloaded assembly
- Completed reload, in  5.588 seconds
Platform modules already initialized, skipping
Refreshing native plugins compatible for Editor in 0.77 ms, found 1 plugins.
Preloading 0 native plugins for Editor in 0.00 ms.
Unloading 1953 Unused Serialized files (Serialized files now loaded: 0)
System memory in use before: 90.1 MB.
System memory in use after: 90.0 MB.

Unloading 14 unused Assets to reduce memory usage. Loaded Objects now: 2407.
Total: 4.333190 ms (FindLiveObjects: 0.523856 ms CreateObjectMapping: 0.135203 ms MarkObjects: 3.451470 ms  DeleteObjects: 0.220430 ms)

========================================================================
Received Import Request.
  Time since last request: 215.426784 seconds.
  path: Assets/Scripts/Monobehaviours/Player.cs
  artifactKey: Guid(b6ef8f86e2fc45a4ebab756d41b9c7c4) Importer(815301076,1909f56bfc062723c751e8b465ee728b)
Start importing Assets/Scripts/Monobehaviours/Player.cs using Guid(b6ef8f86e2fc45a4ebab756d41b9c7c4) Importer(815301076,1909f56bfc062723c751e8b465ee728b)  -> (artifact id: 'c5122f1088cccc70c502f023e178b7c5') in 0.015758 seconds
  Import took 0.023616 seconds .

========================================================================
Received Prepare
Registering precompiled user dll's ...
Registered in 0.001589 seconds.
Begin MonoManager ReloadAssembly
Native extension for WindowsStandalone target not found
Refreshing native plugins compatible for Editor in 1.16 ms, found 1 plugins.
Preloading 0 native plugins for Editor in 0.00 ms.
Invoked RoslynAnalysisRunner static constructor.
RoslynAnalysisRunner will not be running.
RoslynAnalysisRunner has terminated.
Mono: successfully reloaded assembly
- Completed reload, in  2.912 seconds
Platform modules already initialized, skipping
Refreshing native plugins compatible for Editor in 0.81 ms, found 1 plugins.
Preloading 0 native plugins for Editor in 0.00 ms.
Unloading 1954 Unused Serialized files (Serialized files now loaded: 0)
System memory in use before: 90.1 MB.
System memory in use after: 90.1 MB.

Unloading 14 unused Assets to reduce memory usage. Loaded Objects now: 2412.
Total: 7.580294 ms (FindLiveObjects: 0.488605 ms CreateObjectMapping: 0.211952 ms MarkObjects: 6.564710 ms  DeleteObjects: 0.311012 ms)

========================================================================
Received Prepare
Registering precompiled user dll's ...
Registered in 0.002209 seconds.
Begin MonoManager ReloadAssembly
Native extension for WindowsStandalone target not found
Refreshing native plugins compatible for Editor in 0.78 ms, found 1 plugins.
Preloading 0 native plugins for Editor in 0.00 ms.
Invoked RoslynAnalysisRunner static constructor.
RoslynAnalysisRunner will not be running.
RoslynAnalysisRunner has terminated.
Mono: successfully reloaded assembly
- Completed reload, in  2.319 seconds
Platform modules already initialized, skipping
Refreshing native plugins compatible for Editor in 0.78 ms, found 1 plugins.
Preloading 0 native plugins for Editor in 0.00 ms.
Unloading 1954 Unused Serialized files (Serialized files now loaded: 0)
System memory in use before: 90.1 MB.
System memory in use after: 90.1 MB.

Unloading 14 unused Assets to reduce memory usage. Loaded Objects now: 2416.
Total: 4.227437 ms (FindLiveObjects: 0.283793 ms CreateObjectMapping: 0.136988 ms MarkObjects: 3.582211 ms  DeleteObjects: 0.221322 ms)

========================================================================
Received Import Request.
  Time since last request: 188.570028 seconds.
  path: Assets/Scripts/Monobehaviours/Player.cs
  artifactKey: Guid(b6ef8f86e2fc45a4ebab756d41b9c7c4) Importer(815301076,1909f56bfc062723c751e8b465ee728b)
Start importing Assets/Scripts/Monobehaviours/Player.cs using Guid(b6ef8f86e2fc45a4ebab756d41b9c7c4) Importer(815301076,1909f56bfc062723c751e8b465ee728b)  -> (artifact id: '8df12d85bd77381fc387584a80c70c2c') in 0.012797 seconds
  Import took 0.019036 seconds .

========================================================================
Received Import Request.
  Time since last request: 35.713458 seconds.
  path: Assets/Prefabs/PlayerO.prefab
  artifactKey: Guid(959c9e2c515db704cb7dd4e7df642220) Importer(815301076,1909f56bfc062723c751e8b465ee728b)
Start importing Assets/Prefabs/PlayerO.prefab using Guid(959c9e2c515db704cb7dd4e7df642220) Importer(815301076,1909f56bfc062723c751e8b465ee728b)  -> (artifact id: '70910e6f60fde9c6172f522ee5f88002') in 0.458506 seconds
  Import took 0.501084 seconds .

========================================================================
Received Import Request.
  Time since last request: 89.411378 seconds.
  path: Assets/Sprites/Objetos/hearts-and-coins32x32.png
  artifactKey: Guid(7ff6c29b7c1393b4e9d89e57595ab40e) Importer(815301076,1909f56bfc062723c751e8b465ee728b)
Start importing Assets/Sprites/Objetos/hearts-and-coins32x32.png using Guid(7ff6c29b7c1393b4e9d89e57595ab40e) Importer(815301076,1909f56bfc062723c751e8b465ee728b)  -> (artifact id: '0f4fbb0d692abcb970fe681024cffa4e') in 0.126752 seconds
  Import took 0.134179 seconds .

========================================================================
Received Import Request.
  Time since last request: 0.031743 seconds.
  path: Assets/Sprites/Objetos/hearts-and-coins32x32.png
  artifactKey: Guid(7ff6c29b7c1393b4e9d89e57595ab40e) Importer(815301076,1909f56bfc062723c751e8b465ee728b)
Start importing Assets/Sprites/Objetos/hearts-and-coins32x32.png using Guid(7ff6c29b7c1393b4e9d89e57595ab40e) Importer(815301076,1909f56bfc062723c751e8b465ee728b)  -> (artifact id: '0f4fbb0d692abcb970fe681024cffa4e') in 0.034121 seconds
  Import took 0.041647 seconds .

========================================================================
Received Import Request.
  Time since last request: 24.271544 seconds.
  path: Assets/Sprites/Objetos/hearts-and-coins32x32.png
  artifactKey: Guid(7ff6c29b7c1393b4e9d89e57595ab40e) Importer(815301076,1909f56bfc062723c751e8b465ee728b)
Start importing Assets/Sprites/Objetos/hearts-and-coins32x32.png using Guid(7ff6c29b7c1393b4e9d89e57595ab40e) Importer(815301076,1909f56bfc062723c751e8b465ee728b)  -> (artifact id: '68caa1be1fd06ebb7a090f58135a79ff') in 0.024094 seconds
  Import took 0.035806 seconds .

========================================================================
Received Import Request.
  Time since last request: 0.036492 seconds.
  path: Assets/Sprites/Objetos/hearts-and-coins32x32.png
  artifactKey: Guid(7ff6c29b7c1393b4e9d89e57595ab40e) Importer(815301076,1909f56bfc062723c751e8b465ee728b)
Start importing Assets/Sprites/Objetos/hearts-and-coins32x32.png using Guid(7ff6c29b7c1393b4e9d89e57595ab40e) Importer(815301076,1909f56bfc062723c751e8b465ee728b)  -> (artifact id: '68caa1be1fd06ebb7a090f58135a79ff') in 0.013275 seconds
  Import took 0.021889 seconds .

========================================================================
Received Import Request.
  Time since last request: 13.794910 seconds.
  path: Assets/Sprites/Objetos/hearts-and-coins32x32.png
  artifactKey: Guid(7ff6c29b7c1393b4e9d89e57595ab40e) Importer(815301076,1909f56bfc062723c751e8b465ee728b)
Start importing Assets/Sprites/Objetos/hearts-and-coins32x32.png using Guid(7ff6c29b7c1393b4e9d89e57595ab40e) Importer(815301076,1909f56bfc062723c751e8b465ee728b)  -> (artifact id: 'c7ef7ad384f1d3bc842a0936ce208dc0') in 0.093761 seconds
  Import took 0.101371 seconds .

========================================================================
Received Import Request.
  Time since last request: 84.570438 seconds.
  path: Assets/Animacoes/Animacoes/MoedaO.controller
  artifactKey: Guid(15f21fc0e4b8a2e408ee0e89a35d6500) Importer(815301076,1909f56bfc062723c751e8b465ee728b)
Start importing Assets/Animacoes/Animacoes/MoedaO.controller using Guid(15f21fc0e4b8a2e408ee0e89a35d6500) Importer(815301076,1909f56bfc062723c751e8b465ee728b)  -> (artifact id: '2b5835c986f5f373f6fcf4902214e5fe') in 0.032494 seconds
  Import took 0.045277 seconds .

========================================================================
Received Import Request.
  Time since last request: 0.005552 seconds.
  path: Assets/Animacoes/Animacoes/MoedaO.controller
  artifactKey: Guid(15f21fc0e4b8a2e408ee0e89a35d6500) Importer(815301076,1909f56bfc062723c751e8b465ee728b)
Start importing Assets/Animacoes/Animacoes/MoedaO.controller using Guid(15f21fc0e4b8a2e408ee0e89a35d6500) Importer(815301076,1909f56bfc062723c751e8b465ee728b)  -> (artifact id: '2b5835c986f5f373f6fcf4902214e5fe') in 0.007679 seconds
  Import took 0.017840 seconds .

========================================================================
Received Import Request.
  Time since last request: 26.843098 seconds.
  path: Assets/Animacoes/Animacoes/ControladorMoeda.controller
  artifactKey: Guid(15f21fc0e4b8a2e408ee0e89a35d6500) Importer(815301076,1909f56bfc062723c751e8b465ee728b)
Start importing Assets/Animacoes/Animacoes/ControladorMoeda.controller using Guid(15f21fc0e4b8a2e408ee0e89a35d6500) Importer(815301076,1909f56bfc062723c751e8b465ee728b)  -> (artifact id: 'b9e5c278f0d136b071733eca65071746') in 0.006890 seconds
  Import took 0.016552 seconds .

========================================================================
Received Prepare
Registering precompiled user dll's ...
Registered in 0.003069 seconds.
Begin MonoManager ReloadAssembly
Native extension for WindowsStandalone target not found
Refreshing native plugins compatible for Editor in 0.85 ms, found 1 plugins.
Preloading 0 native plugins for Editor in 0.00 ms.
Invoked RoslynAnalysisRunner static constructor.
RoslynAnalysisRunner will not be running.
RoslynAnalysisRunner has terminated.
Mono: successfully reloaded assembly
- Completed reload, in  2.323 seconds
Platform modules already initialized, skipping
Refreshing native plugins compatible for Editor in 0.88 ms, found 1 plugins.
Preloading 0 native plugins for Editor in 0.00 ms.
Unloading 1954 Unused Serialized files (Serialized files now loaded: 0)
System memory in use before: 93.3 MB.
System memory in use after: 93.2 MB.

Unloading 14 unused Assets to reduce memory usage. Loaded Objects now: 2431.
Total: 10.895669 ms (FindLiveObjects: 0.973640 ms CreateObjectMapping: 0.418103 ms MarkObjects: 9.159448 ms  DeleteObjects: 0.340462 ms)

========================================================================
Received Prepare
Registering precompiled user dll's ...
Registered in 0.001980 seconds.
Begin MonoManager ReloadAssembly
Native extension for WindowsStandalone target not found
Refreshing native plugins compatible for Editor in 1.53 ms, found 1 plugins.
Preloading 0 native plugins for Editor in 0.00 ms.
Invoked RoslynAnalysisRunner static constructor.
RoslynAnalysisRunner will not be running.
RoslynAnalysisRunner has terminated.
Mono: successfully reloaded assembly
- Completed reload, in  2.357 seconds
Platform modules already initialized, skipping
Refreshing native plugins compatible for Editor in 0.77 ms, found 1 plugins.
Preloading 0 native plugins for Editor in 0.00 ms.
Unloading 1954 Unused Serialized files (Serialized files now loaded: 0)
System memory in use before: 93.3 MB.
System memory in use after: 93.2 MB.

Unloading 14 unused Assets to reduce memory usage. Loaded Objects now: 2435.
Total: 6.501347 ms (FindLiveObjects: 0.487266 ms CreateObjectMapping: 0.177593 ms MarkObjects: 5.493794 ms  DeleteObjects: 0.338677 ms)

========================================================================
Received Prepare
Registering precompiled user dll's ...
Registered in 0.001765 seconds.
Begin MonoManager ReloadAssembly
Native extension for WindowsStandalone target not found
Refreshing native plugins compatible for Editor in 0.80 ms, found 1 plugins.
Preloading 0 native plugins for Editor in 0.00 ms.
Invoked RoslynAnalysisRunner static constructor.
RoslynAnalysisRunner will not be running.
RoslynAnalysisRunner has terminated.
Mono: successfully reloaded assembly
- Completed reload, in  2.150 seconds
Platform modules already initialized, skipping
Refreshing native plugins compatible for Editor in 0.77 ms, found 1 plugins.
Preloading 0 native plugins for Editor in 0.00 ms.
Unloading 1954 Unused Serialized files (Serialized files now loaded: 0)
System memory in use before: 93.3 MB.
System memory in use after: 93.3 MB.

Unloading 14 unused Assets to reduce memory usage. Loaded Objects now: 2439.
Total: 4.390752 ms (FindLiveObjects: 0.348940 ms CreateObjectMapping: 0.135649 ms MarkObjects: 3.686179 ms  DeleteObjects: 0.217307 ms)

========================================================================
Received Prepare
Registering precompiled user dll's ...
Registered in 0.002362 seconds.
Begin MonoManager ReloadAssembly
Native extension for WindowsStandalone target not found
Refreshing native plugins compatible for Editor in 1.15 ms, found 1 plugins.
Preloading 0 native plugins for Editor in 0.00 ms.
Invoked RoslynAnalysisRunner static constructor.
RoslynAnalysisRunner will not be running.
RoslynAnalysisRunner has terminated.
Mono: successfully reloaded assembly
- Completed reload, in  2.300 seconds
Platform modules already initialized, skipping
Refreshing native plugins compatible for Editor in 0.82 ms, found 1 plugins.
Preloading 0 native plugins for Editor in 0.00 ms.
Unloading 1954 Unused Serialized files (Serialized files now loaded: 0)
System memory in use before: 93.3 MB.
System memory in use after: 93.3 MB.

Unloading 14 unused Assets to reduce memory usage. Loaded Objects now: 2443.
Total: 4.117669 ms (FindLiveObjects: 0.285577 ms CreateObjectMapping: 0.137880 ms MarkObjects: 3.464857 ms  DeleteObjects: 0.227123 ms)

========================================================================
Received Prepare
Registering precompiled user dll's ...
Registered in 0.001630 seconds.
Begin MonoManager ReloadAssembly
Native extension for WindowsStandalone target not found
Refreshing native plugins compatible for Editor in 1.37 ms, found 1 plugins.
Preloading 0 native plugins for Editor in 0.00 ms.
Invoked RoslynAnalysisRunner static constructor.
RoslynAnalysisRunner will not be running.
RoslynAnalysisRunner has terminated.
Mono: successfully reloaded assembly
- Completed reload, in  2.331 seconds
Platform modules already initialized, skipping
Refreshing native plugins compatible for Editor in 0.77 ms, found 1 plugins.
Preloading 0 native plugins for Editor in 0.00 ms.
Unloading 1954 Unused Serialized files (Serialized files now loaded: 0)
System memory in use before: 93.3 MB.
System memory in use after: 93.3 MB.

Unloading 14 unused Assets to reduce memory usage. Loaded Objects now: 2447.
Total: 4.673652 ms (FindLiveObjects: 0.358310 ms CreateObjectMapping: 0.137434 ms MarkObjects: 3.945430 ms  DeleteObjects: 0.229801 ms)

========================================================================
Received Prepare
Registering precompiled user dll's ...
Registered in 0.002349 seconds.
Begin MonoManager ReloadAssembly
Native extension for WindowsStandalone target not found
Refreshing native plugins compatible for Editor in 0.85 ms, found 1 plugins.
Preloading 0 native plugins for Editor in 0.00 ms.
Invoked RoslynAnalysisRunner static constructor.
RoslynAnalysisRunner will not be running.
RoslynAnalysisRunner has terminated.
Mono: successfully reloaded assembly
- Completed reload, in  2.125 seconds
Platform modules already initialized, skipping
Refreshing native plugins compatible for Editor in 0.78 ms, found 1 plugins.
Preloading 0 native plugins for Editor in 0.00 ms.
Unloading 1954 Unused Serialized files (Serialized files now loaded: 0)
System memory in use before: 93.3 MB.
System memory in use after: 93.3 MB.

Unloading 14 unused Assets to reduce memory usage. Loaded Objects now: 2451.
Total: 4.289461 ms (FindLiveObjects: 0.281561 ms CreateObjectMapping: 0.132080 ms MarkObjects: 3.652267 ms  DeleteObjects: 0.220876 ms)

========================================================================
Received Import Request.
  Time since last request: 931.770718 seconds.
  path: Assets/Prefabs/MoedaO.prefab
  artifactKey: Guid(973a0ed18b57ddd4cabf8d2f2845b4ea) Importer(815301076,1909f56bfc062723c751e8b465ee728b)
Start importing Assets/Prefabs/MoedaO.prefab using Guid(973a0ed18b57ddd4cabf8d2f2845b4ea) Importer(815301076,1909f56bfc062723c751e8b465ee728b) The Animator Controller (MoedaO) you have used is not valid. Animations will not play
UnityEngine.StackTraceUtility:ExtractStackTrace ()
UnityEditor.EditorUtility:Internal_InstantiateRemoveAllNonAnimationComponentsSingle (UnityEngine.Object,UnityEngine.Vector3,UnityEngine.Quaternion)
UnityEditor.EditorUtility:InstantiateRemoveAllNonAnimationComponents (UnityEngine.Object,UnityEngine.Vector3,UnityEngine.Quaternion)
UnityEditor.EditorUtility:InstantiateForAnimatorPreview (UnityEngine.Object)
UnityEditor.GameObjectInspector/PreviewData:UpdateGameObject (UnityEngine.Object)
UnityEditor.GameObjectInspector/PreviewData:.ctor (UnityEngine.Object)
UnityEditor.GameObjectInspector:GetPreviewData ()
UnityEditor.GameObjectInspector:RenderStaticPreview (string,UnityEngine.Object[],int,int)
UnityEditor.AssetPreviewUpdater:CreatePreviewForAsset (UnityEngine.Object,UnityEngine.Object[],string)

[C:\buildslave\unity\build\Modules/Animation/Director/AnimatorControllerPlayable.cpp line 333]

The Animator Controller (MoedaO) you have used is not valid. Animations will not play
UnityEngine.StackTraceUtility:ExtractStackTrace ()
UnityEditor.EditorUtility:InitInstantiatedPreviewRecursive (UnityEngine.GameObject)
UnityEditor.EditorUtility:InstantiateForAnimatorPreview (UnityEngine.Object)
UnityEditor.GameObjectInspector/PreviewData:UpdateGameObject (UnityEngine.Object)
UnityEditor.GameObjectInspector/PreviewData:.ctor (UnityEngine.Object)
UnityEditor.GameObjectInspector:GetPreviewData ()
UnityEditor.GameObjectInspector:RenderStaticPreview (string,UnityEngine.Object[],int,int)
UnityEditor.AssetPreviewUpdater:CreatePreviewForAsset (UnityEngine.Object,UnityEngine.Object[],string)

[C:\buildslave\unity\build\Modules/Animation/Director/AnimatorControllerPlayable.cpp line 333]

 -> (artifact id: '80ceade605259107b612a7ff3bedfb76') in 0.159129 seconds
  Import took 0.165740 seconds .

========================================================================
Received Prepare
Registering precompiled user dll's ...
Registered in 0.001748 seconds.
Begin MonoManager ReloadAssembly
Native extension for WindowsStandalone target not found
Refreshing native plugins compatible for Editor in 0.86 ms, found 1 plugins.
Preloading 0 native plugins for Editor in 0.00 ms.
Invoked RoslynAnalysisRunner static constructor.
RoslynAnalysisRunner will not be running.
RoslynAnalysisRunner has terminated.
Mono: successfully reloaded assembly
- Completed reload, in  2.407 seconds
Platform modules already initialized, skipping
Refreshing native plugins compatible for Editor in 0.78 ms, found 1 plugins.
Preloading 0 native plugins for Editor in 0.00 ms.
Unloading 1954 Unused Serialized files (Serialized files now loaded: 0)
System memory in use before: 93.4 MB.
System memory in use after: 93.4 MB.

Unloading 14 unused Assets to reduce memory usage. Loaded Objects now: 2456.
Total: 6.690096 ms (FindLiveObjects: 0.477896 ms CreateObjectMapping: 0.179378 ms MarkObjects: 5.714671 ms  DeleteObjects: 0.314581 ms)

========================================================================
Received Prepare
Registering precompiled user dll's ...
Registered in 0.001864 seconds.
Begin MonoManager ReloadAssembly
Native extension for WindowsStandalone target not found
Refreshing native plugins compatible for Editor in 0.94 ms, found 1 plugins.
Preloading 0 native plugins for Editor in 0.00 ms.
Invoked RoslynAnalysisRunner static constructor.
RoslynAnalysisRunner will not be running.
RoslynAnalysisRunner has terminated.
Mono: successfully reloaded assembly
- Completed reload, in  2.317 seconds
Platform modules already initialized, skipping
Refreshing native plugins compatible for Editor in 0.82 ms, found 1 plugins.
Preloading 0 native plugins for Editor in 0.00 ms.
Unloading 1954 Unused Serialized files (Serialized files now loaded: 0)
System memory in use before: 93.4 MB.
System memory in use after: 93.4 MB.

Unloading 14 unused Assets to reduce memory usage. Loaded Objects now: 2460.
Total: 4.373350 ms (FindLiveObjects: 0.284239 ms CreateObjectMapping: 0.138327 ms MarkObjects: 3.591135 ms  DeleteObjects: 0.356525 ms)

========================================================================
Received Prepare
Registering precompiled user dll's ...
Registered in 0.001792 seconds.
Begin MonoManager ReloadAssembly
Native extension for WindowsStandalone target not found
Refreshing native plugins compatible for Editor in 1.22 ms, found 1 plugins.
Preloading 0 native plugins for Editor in 0.00 ms.
Invoked RoslynAnalysisRunner static constructor.
RoslynAnalysisRunner will not be running.
RoslynAnalysisRunner has terminated.
Mono: successfully reloaded assembly
- Completed reload, in  2.528 seconds
Platform modules already initialized, skipping
Refreshing native plugins compatible for Editor in 0.78 ms, found 1 plugins.
Preloading 0 native plugins for Editor in 0.00 ms.
Unloading 1954 Unused Serialized files (Serialized files now loaded: 0)
System memory in use before: 93.4 MB.
System memory in use after: 93.4 MB.

Unloading 14 unused Assets to reduce memory usage. Loaded Objects now: 2464.
Total: 4.070370 ms (FindLiveObjects: 0.282454 ms CreateObjectMapping: 0.136542 ms MarkObjects: 3.426482 ms  DeleteObjects: 0.222661 ms)

========================================================================
Received Prepare
Registering precompiled user dll's ...
Registered in 0.001644 seconds.
Begin MonoManager ReloadAssembly
Native extension for WindowsStandalone target not found
Refreshing native plugins compatible for Editor in 1.06 ms, found 1 plugins.
Preloading 0 native plugins for Editor in 0.00 ms.
Invoked RoslynAnalysisRunner static constructor.
RoslynAnalysisRunner will not be running.
RoslynAnalysisRunner has terminated.
Mono: successfully reloaded assembly
- Completed reload, in  2.309 seconds
Platform modules already initialized, skipping
Refreshing native plugins compatible for Editor in 0.88 ms, found 1 plugins.
Preloading 0 native plugins for Editor in 0.00 ms.
Unloading 1954 Unused Serialized files (Serialized files now loaded: 0)
System memory in use before: 93.4 MB.
System memory in use after: 93.4 MB.

Unloading 14 unused Assets to reduce memory usage. Loaded Objects now: 2468.
Total: 5.834702 ms (FindLiveObjects: 0.295840 ms CreateObjectMapping: 0.137880 ms MarkObjects: 5.004297 ms  DeleteObjects: 0.394454 ms)

========================================================================
Received Prepare
Registering precompiled user dll's ...
Registered in 0.001649 seconds.
Begin MonoManager ReloadAssembly
Native extension for WindowsStandalone target not found
Refreshing native plugins compatible for Editor in 0.77 ms, found 1 plugins.
Preloading 0 native plugins for Editor in 0.00 ms.
Invoked RoslynAnalysisRunner static constructor.
RoslynAnalysisRunner will not be running.
RoslynAnalysisRunner has terminated.
Mono: successfully reloaded assembly
- Completed reload, in  2.406 seconds
Platform modules already initialized, skipping
Refreshing native plugins compatible for Editor in 0.85 ms, found 1 plugins.
Preloading 0 native plugins for Editor in 0.00 ms.
Unloading 1954 Unused Serialized files (Serialized files now loaded: 0)
System memory in use before: 93.5 MB.
System memory in use after: 93.4 MB.

Unloading 14 unused Assets to reduce memory usage. Loaded Objects now: 2472.
Total: 4.723628 ms (FindLiveObjects: 0.294948 ms CreateObjectMapping: 0.133418 ms MarkObjects: 3.905717 ms  DeleteObjects: 0.385976 ms)

========================================================================
Received Import Request.
  Time since last request: 318.848004 seconds.
  path: Assets/Prefabs/PlayerO.prefab
  artifactKey: Guid(959c9e2c515db704cb7dd4e7df642220) Importer(815301076,1909f56bfc062723c751e8b465ee728b)
Start importing Assets/Prefabs/PlayerO.prefab using Guid(959c9e2c515db704cb7dd4e7df642220) Importer(815301076,1909f56bfc062723c751e8b465ee728b)  -> (artifact id: '3e553546c78c5647d87b2237c5e0cf57') in 0.212459 seconds
  Import took 0.221152 seconds .

========================================================================
Received Import Request.
  Time since last request: 0.452357 seconds.
  path: Assets/Scripts/Monobehaviours/Caractere.cs
  artifactKey: Guid(f0ef1ce96e385094992e50109582df52) Importer(815301076,1909f56bfc062723c751e8b465ee728b)
Start importing Assets/Scripts/Monobehaviours/Caractere.cs using Guid(f0ef1ce96e385094992e50109582df52) Importer(815301076,1909f56bfc062723c751e8b465ee728b)  -> (artifact id: 'b0e1d3cc351f7761f566dff90377418e') in 0.005314 seconds
  Import took 0.012661 seconds .

========================================================================
Received Import Request.
  Time since last request: 0.021436 seconds.
  path: Assets/Scripts/Monobehaviours/Caractere.cs
  artifactKey: Guid(f0ef1ce96e385094992e50109582df52) Importer(815301076,1909f56bfc062723c751e8b465ee728b)
Start importing Assets/Scripts/Monobehaviours/Caractere.cs using Guid(f0ef1ce96e385094992e50109582df52) Importer(815301076,1909f56bfc062723c751e8b465ee728b)  -> (artifact id: 'b0e1d3cc351f7761f566dff90377418e') in 0.006006 seconds
  Import took 0.012818 seconds .

========================================================================
Received Import Request.
  Time since last request: 106.832891 seconds.
  path: Assets/Scripts/ScriptableObjects
  artifactKey: Guid(2e7954335dff8654686401051264bed2) Importer(815301076,1909f56bfc062723c751e8b465ee728b)
Start importing Assets/Scripts/ScriptableObjects using Guid(2e7954335dff8654686401051264bed2) Importer(815301076,1909f56bfc062723c751e8b465ee728b)  -> (artifact id: '47f60ba72eed5d36b10a5e66b8658190') in 0.007341 seconds
  Import took 0.018142 seconds .

========================================================================
Received Prepare
Registering precompiled user dll's ...
Registered in 0.001684 seconds.
Begin MonoManager ReloadAssembly
Native extension for WindowsStandalone target not found
Refreshing native plugins compatible for Editor in 0.78 ms, found 1 plugins.
Preloading 0 native plugins for Editor in 0.00 ms.
Invoked RoslynAnalysisRunner static constructor.
RoslynAnalysisRunner will not be running.
RoslynAnalysisRunner has terminated.
Mono: successfully reloaded assembly
- Completed reload, in  2.390 seconds
Platform modules already initialized, skipping
Refreshing native plugins compatible for Editor in 0.76 ms, found 1 plugins.
Preloading 0 native plugins for Editor in 0.00 ms.
Unloading 1954 Unused Serialized files (Serialized files now loaded: 0)
System memory in use before: 93.5 MB.
System memory in use after: 93.4 MB.

Unloading 14 unused Assets to reduce memory usage. Loaded Objects now: 2477.
Total: 4.343453 ms (FindLiveObjects: 0.305211 ms CreateObjectMapping: 0.138327 ms MarkObjects: 3.663422 ms  DeleteObjects: 0.233816 ms)

========================================================================
Received Import Request.
  Time since last request: 158.731658 seconds.
  path: Assets/Scripts/Monobehaviours/Caractere.cs
  artifactKey: Guid(f0ef1ce96e385094992e50109582df52) Importer(815301076,1909f56bfc062723c751e8b465ee728b)
Start importing Assets/Scripts/Monobehaviours/Caractere.cs using Guid(f0ef1ce96e385094992e50109582df52) Importer(815301076,1909f56bfc062723c751e8b465ee728b)  -> (artifact id: '409ea6f2454513e0fcd822f196f1e31e') in 0.010949 seconds
  Import took 0.017525 seconds .

========================================================================
Received Import Request.
  Time since last request: 3164.986669 seconds.
  path: Assets/Animacoes/Animacoes/MoedaO 1.controller
  artifactKey: Guid(4228ed291d575cf40a530e785420cbb8) Importer(815301076,1909f56bfc062723c751e8b465ee728b)
Start importing Assets/Animacoes/Animacoes/MoedaO 1.controller using Guid(4228ed291d575cf40a530e785420cbb8) Importer(815301076,1909f56bfc062723c751e8b465ee728b)  -> (artifact id: '7fcd17c4ef503be17563020067d72fe8') in 0.057343 seconds
  Import took 0.070054 seconds .

========================================================================
Received Import Request.
  Time since last request: 0.909696 seconds.
  path: Assets/Animacoes/Animacoes/MoedaO.controller
  artifactKey: Guid(15f21fc0e4b8a2e408ee0e89a35d6500) Importer(815301076,1909f56bfc062723c751e8b465ee728b)
Start importing Assets/Animacoes/Animacoes/MoedaO.controller using Guid(15f21fc0e4b8a2e408ee0e89a35d6500) Importer(815301076,1909f56bfc062723c751e8b465ee728b)  -> (artifact id: 'c1bf81f04550f339f921386c5914f970') in 0.024733 seconds
  Import took 0.033204 seconds .

========================================================================
Received Import Request.
  Time since last request: 0.009855 seconds.
  path: Assets/Animacoes/Animacoes/MoedaO.controller
  artifactKey: Guid(15f21fc0e4b8a2e408ee0e89a35d6500) Importer(815301076,1909f56bfc062723c751e8b465ee728b)
Start importing Assets/Animacoes/Animacoes/MoedaO.controller using Guid(15f21fc0e4b8a2e408ee0e89a35d6500) Importer(815301076,1909f56bfc062723c751e8b465ee728b)  -> (artifact id: 'c1bf81f04550f339f921386c5914f970') in 0.005619 seconds
  Import took 0.012561 seconds .

========================================================================
Received Import Request.
  Time since last request: 45.127046 seconds.
  path: Assets/Animacoes/Animacoes/ControladorMoeda.controller
  artifactKey: Guid(4228ed291d575cf40a530e785420cbb8) Importer(815301076,1909f56bfc062723c751e8b465ee728b)
Start importing Assets/Animacoes/Animacoes/ControladorMoeda.controller using Guid(4228ed291d575cf40a530e785420cbb8) Importer(815301076,1909f56bfc062723c751e8b465ee728b)  -> (artifact id: '12880a83ced3afae592d0a7a3dfcc288') in 0.009594 seconds
  Import took 0.020040 seconds .

========================================================================
Received Import Request.
  Time since last request: 7.845594 seconds.
  path: Assets/Animacoes/Controladores/ControladorPlayer.controller
  artifactKey: Guid(8b946ed619af39b4484ba0a4f7af91eb) Importer(815301076,1909f56bfc062723c751e8b465ee728b)
Start importing Assets/Animacoes/Controladores/ControladorPlayer.controller using Guid(8b946ed619af39b4484ba0a4f7af91eb) Importer(815301076,1909f56bfc062723c751e8b465ee728b)  -> (artifact id: '96e096757257a74f827dd626d45f99e4') in 0.012610 seconds
  Import took 0.035566 seconds .

========================================================================
Received Prepare
Registering precompiled user dll's ...
Registered in 0.001602 seconds.
Begin MonoManager ReloadAssembly
Native extension for WindowsStandalone target not found
Refreshing native plugins compatible for Editor in 2.38 ms, found 1 plugins.
Preloading 0 native plugins for Editor in 0.00 ms.
Invoked RoslynAnalysisRunner static constructor.
RoslynAnalysisRunner will not be running.
RoslynAnalysisRunner has terminated.
Mono: successfully reloaded assembly
- Completed reload, in  2.313 seconds
Platform modules already initialized, skipping
Refreshing native plugins compatible for Editor in 0.84 ms, found 1 plugins.
Preloading 0 native plugins for Editor in 0.00 ms.
Unloading 1954 Unused Serialized files (Serialized files now loaded: 0)
System memory in use before: 93.5 MB.
System memory in use after: 93.5 MB.

Unloading 14 unused Assets to reduce memory usage. Loaded Objects now: 2481.
Total: 4.197987 ms (FindLiveObjects: 0.354741 ms CreateObjectMapping: 0.136095 ms MarkObjects: 3.474673 ms  DeleteObjects: 0.229801 ms)

========================================================================
Received Prepare
Registering precompiled user dll's ...
Registered in 0.001565 seconds.
Begin MonoManager ReloadAssembly
Native extension for WindowsStandalone target not found
Refreshing native plugins compatible for Editor in 0.79 ms, found 1 plugins.
Preloading 0 native plugins for Editor in 0.00 ms.
Invoked RoslynAnalysisRunner static constructor.
RoslynAnalysisRunner will not be running.
RoslynAnalysisRunner has terminated.
Mono: successfully reloaded assembly
- Completed reload, in  2.116 seconds
Platform modules already initialized, skipping
Refreshing native plugins compatible for Editor in 0.76 ms, found 1 plugins.
Preloading 0 native plugins for Editor in 0.00 ms.
Unloading 1954 Unused Serialized files (Serialized files now loaded: 0)
System memory in use before: 93.5 MB.
System memory in use after: 93.5 MB.

Unloading 14 unused Assets to reduce memory usage. Loaded Objects now: 2485.
Total: 5.061859 ms (FindLiveObjects: 0.552414 ms CreateObjectMapping: 0.381960 ms MarkObjects: 3.893223 ms  DeleteObjects: 0.231585 ms)

AssetImportWorkerClient::OnTransportError - code=2 error=End of file
